# JRE version: Java(TM) SE Runtime Environment (8.0_181-b13) (build 1.8.0_181-b13)
# Java VM: Java HotSpot(TM) 64-Bit Server VM (25.181-b13 mixed mode windows-amd64 compressed oops)
Heap:
 PSYoungGen      total 57856K, used 27985K [0x00000000d5f80000, 0x00000000dc100000, 0x0000000100000000)
  eden space 48128K, 37% used [0x00000000d5f80000,0x00000000d7159870,0x00000000d8e80000)
  from space 9728K, 99% used [0x00000000d8e80000,0x00000000d97fade0,0x00000000d9800000)
  to   space 12288K, 0% used [0x00000000db500000,0x00000000db500000,0x00000000dc100000)
 ParOldGen       total 46080K, used 12160K [0x0000000081e00000, 0x0000000084b00000, 0x00000000d5f80000)
  object space 46080K, 26% used [0x0000000081e00000,0x00000000829e0170,0x0000000084b00000)
 Metaspace       used 29597K, capacity 30820K, committed 31104K, reserved 1075200K
  class space    used 3965K, capacity 4414K, committed 4480K, reserved 1048576K
GC Heap History (10 events):
Event: 6.750 GC heap before
{Heap before GC invocations=4 (full 0):
 PSYoungGen      total 38400K, used 26539K [0x00000000d5f80000, 0x00000000d8a00000, 0x0000000100000000)
  eden space 33280K, 64% used [0x00000000d5f80000,0x00000000d746ee50,0x00000000d8000000)
  from space 5120K, 99% used [0x00000000d8000000,0x00000000d84fc020,0x00000000d8500000)
  to   space 5120K, 0% used [0x00000000d8500000,0x00000000d8500000,0x00000000d8a00000)
 ParOldGen       total 87552K, used 3676K [0x0000000081e00000, 0x0000000087380000, 0x00000000d5f80000)
  object space 87552K, 4% used [0x0000000081e00000,0x0000000082197330,0x0000000087380000)
 Metaspace       used 20904K, capacity 21202K, committed 21296K, reserved 1067008K
  class space    used 2834K, capacity 2929K, committed 2944K, reserved 1048576K
Event: 6.757 GC heap after
Heap after GC invocations=4 (full 0):
 PSYoungGen      total 38400K, used 5107K [0x00000000d5f80000, 0x00000000d8a00000, 0x0000000100000000)
  eden space 33280K, 0% used [0x00000000d5f80000,0x00000000d5f80000,0x00000000d8000000)
  from space 5120K, 99% used [0x00000000d8500000,0x00000000d89fcf70,0x00000000d8a00000)
  to   space 5120K, 0% used [0x00000000d8000000,0x00000000d8000000,0x00000000d8500000)
 ParOldGen       total 87552K, used 6515K [0x0000000081e00000, 0x0000000087380000, 0x00000000d5f80000)
  object space 87552K, 7% used [0x0000000081e00000,0x000000008245cf88,0x0000000087380000)
 Metaspace       used 20904K, capacity 21202K, committed 21296K, reserved 1067008K
  class space    used 2834K, capacity 2929K, committed 2944K, reserved 1048576K
}
Event: 6.757 GC heap before
{Heap before GC invocations=5 (full 1):
 PSYoungGen      total 38400K, used 5107K [0x00000000d5f80000, 0x00000000d8a00000, 0x0000000100000000)
  eden space 33280K, 0% used [0x00000000d5f80000,0x00000000d5f80000,0x00000000d8000000)
  from space 5120K, 99% used [0x00000000d8500000,0x00000000d89fcf70,0x00000000d8a00000)
  to   space 5120K, 0% used [0x00000000d8000000,0x00000000d8000000,0x00000000d8500000)
 ParOldGen       total 87552K, used 6515K [0x0000000081e00000, 0x0000000087380000, 0x00000000d5f80000)
  object space 87552K, 7% used [0x0000000081e00000,0x000000008245cf88,0x0000000087380000)
 Metaspace       used 20904K, capacity 21202K, committed 21296K, reserved 1067008K
  class space    used 2834K, capacity 2929K, committed 2944K, reserved 1048576K
Event: 6.797 GC heap after
Heap after GC invocations=5 (full 1):
 PSYoungGen      total 38400K, used 0K [0x00000000d5f80000, 0x00000000d8a00000, 0x0000000100000000)
  eden space 33280K, 0% used [0x00000000d5f80000,0x00000000d5f80000,0x00000000d8000000)
  from space 5120K, 0% used [0x00000000d8500000,0x00000000d8500000,0x00000000d8a00000)
  to   space 5120K, 0% used [0x00000000d8000000,0x00000000d8000000,0x00000000d8500000)
 ParOldGen       total 46080K, used 8470K [0x0000000081e00000, 0x0000000084b00000, 0x00000000d5f80000)
  object space 46080K, 18% used [0x0000000081e00000,0x00000000826458c8,0x0000000084b00000)
 Metaspace       used 20904K, capacity 21202K, committed 21296K, reserved 1067008K
  class space    used 2834K, capacity 2929K, committed 2944K, reserved 1048576K
}
Event: 7.925 GC heap before
{Heap before GC invocations=6 (full 1):
 PSYoungGen      total 38400K, used 33280K [0x00000000d5f80000, 0x00000000d8a00000, 0x0000000100000000)
  eden space 33280K, 100% used [0x00000000d5f80000,0x00000000d8000000,0x00000000d8000000)
  from space 5120K, 0% used [0x00000000d8500000,0x00000000d8500000,0x00000000d8a00000)
  to   space 5120K, 0% used [0x00000000d8000000,0x00000000d8000000,0x00000000d8500000)
 ParOldGen       total 46080K, used 8470K [0x0000000081e00000, 0x0000000084b00000, 0x00000000d5f80000)
  object space 46080K, 18% used [0x0000000081e00000,0x00000000826458c8,0x0000000084b00000)
 Metaspace       used 24892K, capacity 25264K, committed 25344K, reserved 1071104K
  class space    used 3205K, capacity 3323K, committed 3328K, reserved 1048576K
Event: 7.934 GC heap after
Heap after GC invocations=6 (full 1):
 PSYoungGen      total 38400K, used 5109K [0x00000000d5f80000, 0x00000000da100000, 0x0000000100000000)
  eden space 33280K, 0% used [0x00000000d5f80000,0x00000000d5f80000,0x00000000d8000000)
  from space 5120K, 99% used [0x00000000d8000000,0x00000000d84fd7c8,0x00000000d8500000)
  to   space 9216K, 0% used [0x00000000d9800000,0x00000000d9800000,0x00000000da100000)
 ParOldGen       total 46080K, used 9124K [0x0000000081e00000, 0x0000000084b00000, 0x00000000d5f80000)
  object space 46080K, 19% used [0x0000000081e00000,0x00000000826e9100,0x0000000084b00000)
 Metaspace       used 24892K, capacity 25264K, committed 25344K, reserved 1071104K
  class space    used 3205K, capacity 3323K, committed 3328K, reserved 1048576K
}
Event: 8.578 GC heap before
{Heap before GC invocations=7 (full 1):
 PSYoungGen      total 38400K, used 38389K [0x00000000d5f80000, 0x00000000da100000, 0x0000000100000000)
  eden space 33280K, 100% used [0x00000000d5f80000,0x00000000d8000000,0x00000000d8000000)
  from space 5120K, 99% used [0x00000000d8000000,0x00000000d84fd7c8,0x00000000d8500000)
  to   space 9216K, 0% used [0x00000000d9800000,0x00000000d9800000,0x00000000da100000)
 ParOldGen       total 46080K, used 9124K [0x0000000081e00000, 0x0000000084b00000, 0x00000000d5f80000)
  object space 46080K, 19% used [0x0000000081e00000,0x00000000826e9100,0x0000000084b00000)
 Metaspace       used 26388K, capacity 27164K, committed 27392K, reserved 1073152K
  class space    used 3509K, capacity 3819K, committed 3840K, reserved 1048576K
Event: 8.594 GC heap after
Heap after GC invocations=7 (full 1):
 PSYoungGen      total 57344K, used 7907K [0x00000000d5f80000, 0x00000000da780000, 0x0000000100000000)
  eden space 48128K, 0% used [0x00000000d5f80000,0x00000000d5f80000,0x00000000d8e80000)
  from space 9216K, 85% used [0x00000000d9800000,0x00000000d9fb8e50,0x00000000da100000)
  to   space 9728K, 0% used [0x00000000d8e80000,0x00000000d8e80000,0x00000000d9800000)
 ParOldGen       total 46080K, used 9124K [0x0000000081e00000, 0x0000000084b00000, 0x00000000d5f80000)
  object space 46080K, 19% used [0x0000000081e00000,0x00000000826e9100,0x0000000084b00000)
 Metaspace       used 26388K, capacity 27164K, committed 27392K, reserved 1073152K
  class space    used 3509K, capacity 3819K, committed 3840K, reserved 1048576K
}
Event: 21.256 GC heap before
{Heap before GC invocations=8 (full 1):
 PSYoungGen      total 57344K, used 56035K [0x00000000d5f80000, 0x00000000da780000, 0x0000000100000000)
  eden space 48128K, 100% used [0x00000000d5f80000,0x00000000d8e80000,0x00000000d8e80000)
  from space 9216K, 85% used [0x00000000d9800000,0x00000000d9fb8e50,0x00000000da100000)
  to   space 9728K, 0% used [0x00000000d8e80000,0x00000000d8e80000,0x00000000d9800000)
 ParOldGen       total 46080K, used 9124K [0x0000000081e00000, 0x0000000084b00000, 0x00000000d5f80000)
  object space 46080K, 19% used [0x0000000081e00000,0x00000000826e9100,0x0000000084b00000)
 Metaspace       used 28943K, capacity 30144K, committed 30208K, reserved 1075200K
  class space    used 3897K, capacity 4344K, committed 4352K, reserved 1048576K
Event: 21.270 GC heap after
Heap after GC invocations=8 (full 1):
 PSYoungGen      total 57856K, used 9707K [0x00000000d5f80000, 0x00000000dc100000, 0x0000000100000000)
  eden space 48128K, 0% used [0x00000000d5f80000,0x00000000d5f80000,0x00000000d8e80000)
  from space 9728K, 99% used [0x00000000d8e80000,0x00000000d97fade0,0x00000000d9800000)
  to   space 12288K, 0% used [0x00000000db500000,0x00000000db500000,0x00000000dc100000)
 ParOldGen       total 46080K, used 12160K [0x0000000081e00000, 0x0000000084b00000, 0x00000000d5f80000)
  object space 46080K, 26% used [0x0000000081e00000,0x00000000829e0170,0x0000000084b00000)
 Metaspace       used 28943K, capacity 30144K, committed 30208K, reserved 1075200K
  class space    used 3897K, capacity 4344K, committed 4352K, reserved 1048576K
}

